#
# There is insufficient memory for the Java Runtime Environment to continue.
# Native memory allocation (malloc) failed to allocate 222416 bytes for Chunk::new
# Possible reasons:
#   The system is out of physical RAM or swap space
#   The process is running with CompressedOops enabled, and the Java Heap may be blocking the growth of the native heap
# Possible solutions:
#   Reduce memory load on the system
#   Increase physical memory or swap space
#   Check if swap backing store is full
#   Decrease Java heap size (-Xmx/-Xms)
#   Decrease number of Java threads
#   Decrease Java thread stack sizes (-Xss)
#   Set larger code cache with -XX:ReservedCodeCacheSize=
#   JVM is running with Unscaled Compressed Oops mode in which the Java heap is
#     placed in the first 4GB address space. The Java Heap base address is the
#     maximum limit for the native heap growth. Please use -XX:HeapBaseMinAddress
#     to set the Java Heap base and to place the Java Heap above 4GB virtual address.
# This output file may be truncated or incomplete.
#
#  Out of Memory Error (arena.cpp:191), pid=22356, tid=27576
#
# JRE version: OpenJDK Runtime Environment Temurin-17.0.10+7 (17.0.10+7) (build 17.0.10+7)
# Java VM: OpenJDK 64-Bit Server VM Temurin-17.0.10+7 (17.0.10+7, mixed mode, tiered, compressed oops, compressed class ptrs, parallel gc, windows-amd64)
# No core dump will be written. Minidumps are not enabled by default on client versions of Windows
#

---------------  S U M M A R Y ------------

Command Line: --add-modules=ALL-SYSTEM --add-opens=java.base/java.util=ALL-UNNAMED --add-opens=java.base/java.lang=ALL-UNNAMED --add-opens=java.base/sun.nio.fs=ALL-UNNAMED -Declipse.application=org.eclipse.jdt.ls.core.id1 -Dosgi.bundles.defaultStartLevel=4 -Declipse.product=org.eclipse.jdt.ls.core.product -Djava.import.generatesMetadataFilesAtProjectRoot=false -DDetectVMInstallationsJob.disabled=true -Dfile.encoding=utf8 -XX:+UseParallelGC -XX:GCTimeRatio=4 -XX:AdaptiveSizePolicyWeight=90 -Dsun.zip.disableMemoryMapping=true -Xmx1G -Xms100m -Xlog:disable -javaagent:c:\Users\felip\.vscode\extensions\redhat.java-1.30.0-win32-x64\lombok\lombok-1.18.32.jar c:\Users\felip\.vscode\extensions\redhat.java-1.30.0-win32-x64\server\plugins\org.eclipse.equinox.launcher_1.6.800.v20240330-1250.jar -configuration c:\Users\felip\AppData\Roaming\Code\User\globalStorage\redhat.java\1.30.0\config_ss_win -data c:\Users\felip\AppData\Roaming\Code\User\workspaceStorage\acb6e74bd49702654faf76d2df346466\redhat.java\ss_ws --pipe=\\.\pipe\lsp-f6d5911aa60800caa61c1eb697805a9b-sock

Host: 11th Gen Intel(R) Core(TM) i5-1135G7 @ 2.40GHz, 8 cores, 7G,  Windows 11 , 64 bit Build 22621 (10.0.22621.3527)
Time: Mon Apr 29 22:16:20 2024 Hora oficial do Brasil elapsed time: 8.856356 seconds (0d 0h 0m 8s)

---------------  T H R E A D  ---------------

Current thread (0x00000263f9e41820):  JavaThread "C2 CompilerThread0" daemon [_thread_in_native, id=27576, stack(0x00000074e1600000,0x00000074e1700000)]


Current CompileTask:
C2:   8856 1421       4       java.io.WinNTFileSystem::normalize (143 bytes)

Stack: [0x00000074e1600000,0x00000074e1700000]
Native frames: (J=compiled Java code, j=interpreted, Vv=VM code, C=native code)
V  [jvm.dll+0x67d2c9]
V  [jvm.dll+0x834afa]
V  [jvm.dll+0x8365be]
V  [jvm.dll+0x836c23]
V  [jvm.dll+0x2477ff]
V  [jvm.dll+0xac514]
V  [jvm.dll+0xacb5c]
V  [jvm.dll+0x2aed1f]
V  [jvm.dll+0x584b67]
V  [jvm.dll+0x2228a2]
V  [jvm.dll+0x21b942]
V  [jvm.dll+0x219201]
V  [jvm.dll+0x1a502d]
V  [jvm.dll+0x2290de]
V  [jvm.dll+0x2272ac]
V  [jvm.dll+0x7e9bb7]
V  [jvm.dll+0x7e3fba]
V  [jvm.dll+0x67c1b5]
C  [ucrtbase.dll+0x29333]
C  [KERNEL32.DLL+0x1257d]
C  [ntdll.dll+0x5aa48]


---------------  P R O C E S S  ---------------

Threads class SMR info:
_java_thread_list=0x00000263fb4d0950, length=13, elements={
0x00000263efea0410, 0x00000263f4d25030, 0x00000263f4d26e80, 0x00000263f4d2bf40,
0x00000263f4d2ca10, 0x00000263f4d2d5d0, 0x00000263f4d2e490, 0x00000263f9e41820,
0x00000263f9e6ce20, 0x00000263f9eb5bf0, 0x00000263eff045e0, 0x00000263fa1cc980,
0x00000263fb4eb7f0
}

Java Threads: ( => current thread )
  0x00000263efea0410 JavaThread "main" [_thread_in_native, id=24308, stack(0x00000074e0d00000,0x00000074e0e00000)]
  0x00000263f4d25030 JavaThread "Reference Handler" daemon [_thread_blocked, id=8680, stack(0x00000074e1000000,0x00000074e1100000)]
  0x00000263f4d26e80 JavaThread "Finalizer" daemon [_thread_blocked, id=26568, stack(0x00000074e1100000,0x00000074e1200000)]
  0x00000263f4d2bf40 JavaThread "Signal Dispatcher" daemon [_thread_blocked, id=29584, stack(0x00000074e1200000,0x00000074e1300000)]
  0x00000263f4d2ca10 JavaThread "Attach Listener" daemon [_thread_blocked, id=7312, stack(0x00000074e1300000,0x00000074e1400000)]
  0x00000263f4d2d5d0 JavaThread "Service Thread" daemon [_thread_blocked, id=25068, stack(0x00000074e1400000,0x00000074e1500000)]
  0x00000263f4d2e490 JavaThread "Monitor Deflation Thread" daemon [_thread_blocked, id=24636, stack(0x00000074e1500000,0x00000074e1600000)]
=>0x00000263f9e41820 JavaThread "C2 CompilerThread0" daemon [_thread_in_native, id=27576, stack(0x00000074e1600000,0x00000074e1700000)]
  0x00000263f9e6ce20 JavaThread "C1 CompilerThread0" daemon [_thread_blocked, id=22532, stack(0x00000074e1700000,0x00000074e1800000)]
  0x00000263f9eb5bf0 JavaThread "Sweeper thread" daemon [_thread_blocked, id=29044, stack(0x00000074e1800000,0x00000074e1900000)]
  0x00000263eff045e0 JavaThread "Common-Cleaner" daemon [_thread_blocked, id=14224, stack(0x00000074e1900000,0x00000074e1a00000)]
  0x00000263fa1cc980 JavaThread "Notification Thread" daemon [_thread_blocked, id=1780, stack(0x00000074e1a00000,0x00000074e1b00000)]
  0x00000263fb4eb7f0 JavaThread "Active Thread: Equinox Container: e4ccb112-b42a-4af9-a2ad-c75250485bd9" [_thread_blocked, id=28832, stack(0x00000074e2200000,0x00000074e2300000)]

Other Threads:
  0x00000263eff4e870 VMThread "VM Thread" [stack: 0x00000074e0f00000,0x00000074e1000000] [id=16036]
  0x00000263fa1cce60 WatcherThread [stack: 0x00000074e1b00000,0x00000074e1c00000] [id=8556]
  0x00000263efeb4ff0 GCTaskThread "GC Thread#0" [stack: 0x00000074e0e00000,0x00000074e0f00000] [id=22424]
  0x00000263fb4654f0 GCTaskThread "GC Thread#1" [stack: 0x00000074e1c00000,0x00000074e1d00000] [id=11568]
  0x00000263fb4baa30 GCTaskThread "GC Thread#2" [stack: 0x00000074e1d00000,0x00000074e1e00000] [id=15692]
  0x00000263fb4bacf0 GCTaskThread "GC Thread#3" [stack: 0x00000074e1e00000,0x00000074e1f00000] [id=20496]
  0x00000263fb41f450 GCTaskThread "GC Thread#4" [stack: 0x00000074e1f00000,0x00000074e2000000] [id=8976]
  0x00000263fb41f710 GCTaskThread "GC Thread#5" [stack: 0x00000074e2000000,0x00000074e2100000] [id=6888]
  0x00000263fb41f9d0 GCTaskThread "GC Thread#6" [stack: 0x00000074e2100000,0x00000074e2200000] [id=8752]

Threads with active compile tasks:
C2 CompilerThread0     8896 1421       4       java.io.WinNTFileSystem::normalize (143 bytes)

VM state: not at safepoint (normal execution)

VM Mutex/Monitor currently owned by a thread: None

Heap address: 0x00000000c0000000, size: 1024 MB, Compressed Oops mode: 32-bit

CDS archive(s) not mapped
Compressed class space mapped at: 0x0000000100000000-0x0000000140000000, reserved size: 1073741824
Narrow klass base: 0x0000000000000000, Narrow klass shift: 3, Narrow klass range: 0x140000000

GC Precious Log:
 CPUs: 8 total, 8 available
 Memory: 7926M
 Large Page Support: Disabled
 NUMA Support: Disabled
 Compressed Oops: Enabled (32-bit)
 Alignments: Space 512K, Generation 512K, Heap 2M
 Heap Min Capacity: 100M
 Heap Initial Capacity: 100M
 Heap Max Capacity: 1G
 Pre-touch: Disabled
 Parallel Workers: 8

Heap:
 PSYoungGen      total 29696K, used 22326K [0x00000000eab00000, 0x00000000ecc00000, 0x0000000100000000)
  eden space 25600K, 74% used [0x00000000eab00000,0x00000000ebdac390,0x00000000ec400000)
  from space 4096K, 78% used [0x00000000ec400000,0x00000000ec721858,0x00000000ec800000)
  to   space 4096K, 0% used [0x00000000ec800000,0x00000000ec800000,0x00000000ecc00000)
 ParOldGen       total 68608K, used 0K [0x00000000c0000000, 0x00000000c4300000, 0x00000000eab00000)
  object space 68608K, 0% used [0x00000000c0000000,0x00000000c0000000,0x00000000c4300000)
 Metaspace       used 13729K, committed 13952K, reserved 1114112K
  class space    used 1358K, committed 1472K, reserved 1048576K

Card table byte_map: [0x00000263ef860000,0x00000263efa70000] _byte_map_base: 0x00000263ef260000

Marking Bits: (ParMarkBitMap*) 0x00007ffe9f6fd7d0
 Begin Bits: [0x00000263f2b30000, 0x00000263f3b30000)
 End Bits:   [0x00000263f3b30000, 0x00000263f4b30000)

Polling page: 0x00000263ef650000

Metaspace:

Usage:
  Non-class:     12.08 MB used.
      Class:      1.33 MB used.
       Both:     13.41 MB used.

Virtual space:
  Non-class space:       64.00 MB reserved,      12.19 MB ( 19%) committed,  1 nodes.
      Class space:        1.00 GB reserved,       1.44 MB ( <1%) committed,  1 nodes.
             Both:        1.06 GB reserved,      13.62 MB (  1%) committed. 

Chunk freelists:
   Non-Class:  3.36 MB
       Class:  14.48 MB
        Both:  17.84 MB

MaxMetaspaceSize: unlimited
CompressedClassSpaceSize: 1.00 GB
Initial GC threshold: 21.00 MB
Current GC threshold: 21.00 MB
CDS: off
MetaspaceReclaimPolicy: balanced
 - commit_granule_bytes: 65536.
 - commit_granule_words: 8192.
 - virtual_space_node_default_size: 8388608.
 - enlarge_chunks_in_place: 1.
 - new_chunks_are_fully_committed: 0.
 - uncommit_free_chunks: 1.
 - use_allocation_guard: 0.
 - handle_deallocations: 1.


Internal statistics:

num_allocs_failed_limit: 0.
num_arena_births: 54.
num_arena_deaths: 0.
num_vsnodes_births: 2.
num_vsnodes_deaths: 0.
num_space_committed: 218.
num_space_uncommitted: 0.
num_chunks_returned_to_freelist: 0.
num_chunks_taken_from_freelist: 218.
num_chunk_merges: 0.
num_chunk_splits: 148.
num_chunks_enlarged: 119.
num_inconsistent_stats: 0.

CodeHeap 'non-profiled nmethods': size=120000Kb used=561Kb max_used=561Kb free=119438Kb
 bounds [0x0000026387ad0000, 0x0000026387d40000, 0x000002638f000000]
CodeHeap 'profiled nmethods': size=120000Kb used=2624Kb max_used=2624Kb free=117375Kb
 bounds [0x0000026380000000, 0x00000263802a0000, 0x0000026387530000]
CodeHeap 'non-nmethods': size=5760Kb used=1170Kb max_used=1185Kb free=4589Kb
 bounds [0x0000026387530000, 0x00000263877a0000, 0x0000026387ad0000]
 total_blobs=1870 nmethods=1420 adapters=364
 compilation: enabled
              stopped_count=0, restarted_count=0
 full_count=0

Compilation events (20 events):
Event: 7.088 Thread 0x00000263f9e6ce20 nmethod 1412 0x0000026380288c90 code [0x0000026380288fa0, 0x000002638028a1f8]
Event: 7.088 Thread 0x00000263f9e6ce20 1413       1       sun.nio.fs.NativeBuffer::address (5 bytes)
Event: 7.088 Thread 0x00000263f9e6ce20 nmethod 1413 0x0000026387b5c490 code [0x0000026387b5c620, 0x0000026387b5c6f8]
Event: 7.134 Thread 0x00000263f9e6ce20 1414       3       java.lang.ThreadLocal::get (38 bytes)
Event: 7.135 Thread 0x00000263f9e6ce20 nmethod 1414 0x000002638028a890 code [0x000002638028aa60, 0x000002638028ad98]
Event: 7.204 Thread 0x00000263f9e6ce20 1415       3       java.lang.String::getChars (54 bytes)
Event: 7.204 Thread 0x00000263f9e6ce20 nmethod 1415 0x000002638028af10 code [0x000002638028b100, 0x000002638028b578]
Event: 7.204 Thread 0x00000263f9e6ce20 1416       3       java.lang.StringLatin1::getChars (12 bytes)
Event: 7.204 Thread 0x00000263f9e6ce20 nmethod 1416 0x000002638028b790 code [0x000002638028b920, 0x000002638028ba48]
Event: 7.204 Thread 0x00000263f9e6ce20 1417       3       sun.nio.fs.WindowsPathParser::nextNonSlash (24 bytes)
Event: 7.205 Thread 0x00000263f9e6ce20 nmethod 1417 0x000002638028bb10 code [0x000002638028bd20, 0x000002638028c478]
Event: 8.708 Thread 0x00000263f9e6ce20 1418       3       java.lang.StringBuilder::append (10 bytes)
Event: 8.708 Thread 0x00000263f9e6ce20 nmethod 1418 0x000002638028c790 code [0x000002638028c920, 0x000002638028ca68]
Event: 8.708 Thread 0x00000263f9e6ce20 1419       3       java.lang.AbstractStringBuilder::checkRange (63 bytes)
Event: 8.709 Thread 0x00000263f9e6ce20 nmethod 1419 0x000002638028cb10 code [0x000002638028cda0, 0x000002638028d6d8]
Event: 8.709 Thread 0x00000263f9e6ce20 1420       3       java.lang.AbstractStringBuilder::appendChars (207 bytes)
Event: 8.710 Thread 0x00000263f9e6ce20 nmethod 1420 0x000002638028da90 code [0x000002638028dd40, 0x000002638028ecc8]
Event: 8.833 Thread 0x00000263f9e41820 1421       4       java.io.WinNTFileSystem::normalize (143 bytes)
Event: 8.834 Thread 0x00000263f9e6ce20 1422       3       org.eclipse.osgi.framework.util.SecureAction::getProperty (31 bytes)
Event: 8.835 Thread 0x00000263f9e6ce20 nmethod 1422 0x000002638028f290 code [0x000002638028f520, 0x000002638028ff98]

GC Heap History (2 events):
Event: 5.405 GC heap before
{Heap before GC invocations=1 (full 0):
 PSYoungGen      total 29696K, used 25600K [0x00000000eab00000, 0x00000000ecc00000, 0x0000000100000000)
  eden space 25600K, 100% used [0x00000000eab00000,0x00000000ec400000,0x00000000ec400000)
  from space 4096K, 0% used [0x00000000ec800000,0x00000000ec800000,0x00000000ecc00000)
  to   space 4096K, 0% used [0x00000000ec400000,0x00000000ec400000,0x00000000ec800000)
 ParOldGen       total 68608K, used 0K [0x00000000c0000000, 0x00000000c4300000, 0x00000000eab00000)
  object space 68608K, 0% used [0x00000000c0000000,0x00000000c0000000,0x00000000c4300000)
 Metaspace       used 11020K, committed 11200K, reserved 1114112K
  class space    used 1098K, committed 1216K, reserved 1048576K
}
Event: 5.438 GC heap after
{Heap after GC invocations=1 (full 0):
 PSYoungGen      total 29696K, used 3206K [0x00000000eab00000, 0x00000000ecc00000, 0x0000000100000000)
  eden space 25600K, 0% used [0x00000000eab00000,0x00000000eab00000,0x00000000ec400000)
  from space 4096K, 78% used [0x00000000ec400000,0x00000000ec721858,0x00000000ec800000)
  to   space 4096K, 0% used [0x00000000ec800000,0x00000000ec800000,0x00000000ecc00000)
 ParOldGen       total 68608K, used 0K [0x00000000c0000000, 0x00000000c4300000, 0x00000000eab00000)
  object space 68608K, 0% used [0x00000000c0000000,0x00000000c0000000,0x00000000c4300000)
 Metaspace       used 11020K, committed 11200K, reserved 1114112K
  class space    used 1098K, committed 1216K, reserved 1048576K
}

Dll operation events (8 events):
Event: 0.195 Loaded shared library c:\Users\felip\.vscode\extensions\redhat.java-1.30.0-win32-x64\jre\17.0.10-win32-x86_64\bin\java.dll
Event: 1.281 Loaded shared library c:\Users\felip\.vscode\extensions\redhat.java-1.30.0-win32-x64\jre\17.0.10-win32-x86_64\bin\zip.dll
Event: 1.296 Loaded shared library C:\Users\felip\.vscode\extensions\redhat.java-1.30.0-win32-x64\jre\17.0.10-win32-x86_64\bin\instrument.dll
Event: 1.381 Loaded shared library C:\Users\felip\.vscode\extensions\redhat.java-1.30.0-win32-x64\jre\17.0.10-win32-x86_64\bin\net.dll
Event: 1.418 Loaded shared library C:\Users\felip\.vscode\extensions\redhat.java-1.30.0-win32-x64\jre\17.0.10-win32-x86_64\bin\nio.dll
Event: 1.439 Loaded shared library C:\Users\felip\.vscode\extensions\redhat.java-1.30.0-win32-x64\jre\17.0.10-win32-x86_64\bin\zip.dll
Event: 1.539 Loaded shared library C:\Users\felip\.vscode\extensions\redhat.java-1.30.0-win32-x64\jre\17.0.10-win32-x86_64\bin\jimage.dll
Event: 1.741 Loaded shared library c:\Users\felip\.vscode\extensions\redhat.java-1.30.0-win32-x64\jre\17.0.10-win32-x86_64\bin\verify.dll

Deoptimization events (20 events):
Event: 5.926 Thread 0x00000263efea0410 Uncommon trap: trap_request=0xffffffc6 fr.pc=0x0000026387afa99c relative=0x000000000000027c
Event: 5.926 Thread 0x00000263efea0410 Uncommon trap: reason=bimorphic_or_optimized_type_check action=maybe_recompile pc=0x0000026387afa99c method=java.util.Collections$UnmodifiableCollection$1.next()Ljava/lang/Object; @ 4 c2
Event: 5.926 Thread 0x00000263efea0410 DEOPT PACKING pc=0x0000026387afa99c sp=0x00000074e0df8000
Event: 5.926 Thread 0x00000263efea0410 DEOPT UNPACKING pc=0x0000026387589ea3 sp=0x00000074e0df7fb0 mode 2
Event: 5.926 Thread 0x00000263efea0410 Uncommon trap: trap_request=0xffffffc6 fr.pc=0x0000026387afa99c relative=0x000000000000027c
Event: 5.926 Thread 0x00000263efea0410 Uncommon trap: reason=bimorphic_or_optimized_type_check action=maybe_recompile pc=0x0000026387afa99c method=java.util.Collections$UnmodifiableCollection$1.next()Ljava/lang/Object; @ 4 c2
Event: 5.926 Thread 0x00000263efea0410 DEOPT PACKING pc=0x0000026387afa99c sp=0x00000074e0df8000
Event: 5.926 Thread 0x00000263efea0410 DEOPT UNPACKING pc=0x0000026387589ea3 sp=0x00000074e0df7fb0 mode 2
Event: 6.362 Thread 0x00000263efea0410 Uncommon trap: trap_request=0xffffffde fr.pc=0x0000026387b46158 relative=0x00000000000009b8
Event: 6.362 Thread 0x00000263efea0410 Uncommon trap: reason=class_check action=maybe_recompile pc=0x0000026387b46158 method=java.util.HashMap.putVal(ILjava/lang/Object;Ljava/lang/Object;ZZ)Ljava/lang/Object; @ 253 c2
Event: 6.362 Thread 0x00000263efea0410 DEOPT PACKING pc=0x0000026387b46158 sp=0x00000074e0dfde60
Event: 6.362 Thread 0x00000263efea0410 DEOPT UNPACKING pc=0x0000026387589ea3 sp=0x00000074e0dfdd88 mode 2
Event: 6.367 Thread 0x00000263efea0410 Uncommon trap: trap_request=0xffffffde fr.pc=0x0000026387b46158 relative=0x00000000000009b8
Event: 6.367 Thread 0x00000263efea0410 Uncommon trap: reason=class_check action=maybe_recompile pc=0x0000026387b46158 method=java.util.HashMap.putVal(ILjava/lang/Object;Ljava/lang/Object;ZZ)Ljava/lang/Object; @ 253 c2
Event: 6.367 Thread 0x00000263efea0410 DEOPT PACKING pc=0x0000026387b46158 sp=0x00000074e0dfde60
Event: 6.367 Thread 0x00000263efea0410 DEOPT UNPACKING pc=0x0000026387589ea3 sp=0x00000074e0dfdd88 mode 2
Event: 6.368 Thread 0x00000263efea0410 Uncommon trap: trap_request=0xffffffde fr.pc=0x0000026387ade820 relative=0x00000000000006a0
Event: 6.368 Thread 0x00000263efea0410 Uncommon trap: reason=class_check action=maybe_recompile pc=0x0000026387ade820 method=java.util.HashMap.putVal(ILjava/lang/Object;Ljava/lang/Object;ZZ)Ljava/lang/Object; @ 253 c2
Event: 6.368 Thread 0x00000263efea0410 DEOPT PACKING pc=0x0000026387ade820 sp=0x00000074e0dfdce0
Event: 6.368 Thread 0x00000263efea0410 DEOPT UNPACKING pc=0x0000026387589ea3 sp=0x00000074e0dfdc80 mode 2

Classes unloaded (0 events):
No events

Classes redefined (0 events):
No events

Internal exceptions (20 events):
Event: 3.558 Thread 0x00000263efea0410 Exception <a 'java/io/FileNotFoundException'{0x00000000eb86d3b8}> (0x00000000eb86d3b8) 
thrown [s\src\hotspot\share\prims\jni.cpp, line 516]
Event: 3.558 Thread 0x00000263efea0410 Exception <a 'java/io/FileNotFoundException'{0x00000000eb86e0b0}> (0x00000000eb86e0b0) 
thrown [s\src\hotspot\share\prims\jni.cpp, line 516]
Event: 3.566 Thread 0x00000263efea0410 Implicit null exception at 0x0000026387af43f2 to 0x0000026387af4968
Event: 3.570 Thread 0x00000263efea0410 Exception <a 'java/io/FileNotFoundException'{0x00000000eb8a6ef8}> (0x00000000eb8a6ef8) 
thrown [s\src\hotspot\share\prims\jni.cpp, line 516]
Event: 5.039 Thread 0x00000263efea0410 Exception <a 'java/lang/ClassNotFoundException'{0x00000000ec0b04b8}: sun/net/www/protocol/c/Handler> (0x00000000ec0b04b8) 
thrown [s\src\hotspot\share\classfile\systemDictionary.cpp, line 256]
Event: 5.039 Thread 0x00000263efea0410 Exception <a 'java/lang/ClassNotFoundException'{0x00000000ec0b1848}: sun/net/www/protocol/c/Handler> (0x00000000ec0b1848) 
thrown [s\src\hotspot\share\classfile\systemDictionary.cpp, line 256]
Event: 5.039 Thread 0x00000263efea0410 Exception <a 'java/lang/ClassNotFoundException'{0x00000000ec0b2a40}: sun/net/www/protocol/c/Handler> (0x00000000ec0b2a40) 
thrown [s\src\hotspot\share\classfile\systemDictionary.cpp, line 256]
Event: 5.090 Thread 0x00000263efea0410 Exception <a 'java/io/FileNotFoundException'{0x00000000ec0d63a0}> (0x00000000ec0d63a0) 
thrown [s\src\hotspot\share\prims\jni.cpp, line 516]
Event: 5.203 Thread 0x00000263efea0410 Implicit null exception at 0x0000026387b0e8db to 0x0000026387b0f228
Event: 5.203 Thread 0x00000263efea0410 Implicit null exception at 0x0000026387b1a8ec to 0x0000026387b1aac8
Event: 5.203 Thread 0x00000263efea0410 Implicit null exception at 0x0000026387b1956c to 0x0000026387b19744
Event: 5.203 Thread 0x00000263efea0410 Implicit null exception at 0x0000026387b1330f to 0x0000026387b13385
Event: 5.365 Thread 0x00000263efea0410 Exception <a 'java/lang/NoSuchMethodError'{0x00000000ec3ac130}: 'int java.lang.invoke.DirectMethodHandle$Holder.invokeStaticInit(java.lang.Object, java.lang.Object, java.lang.Object, java.lang.Object)'> (0x00000000ec3ac130) 
thrown [s\src\hotspot\share\interpreter\linkResolver.cpp, line 759]
Event: 5.367 Thread 0x00000263efea0410 Exception <a 'java/lang/NoSuchMethodError'{0x00000000ec3b67a0}: 'java.lang.Object java.lang.invoke.DirectMethodHandle$Holder.invokeInterface(java.lang.Object, java.lang.Object)'> (0x00000000ec3b67a0) 
thrown [s\src\hotspot\share\interpreter\linkResolver.cpp, line 759]
Event: 5.368 Thread 0x00000263efea0410 Exception <a 'java/lang/IncompatibleClassChangeError'{0x00000000ec3b9f98}: Found class java.lang.Object, but interface was expected> (0x00000000ec3b9f98) 
thrown [s\src\hotspot\share\interpreter\linkResolver.cpp, line 826]
Event: 5.372 Thread 0x00000263efea0410 Exception <a 'java/lang/NoSuchMethodError'{0x00000000ec3be488}: 'void java.lang.invoke.DirectMethodHandle$Holder.invokeStatic(java.lang.Object, java.lang.Object)'> (0x00000000ec3be488) 
thrown [s\src\hotspot\share\interpreter\linkResolver.cpp, line 759]
Event: 5.373 Thread 0x00000263efea0410 Exception <a 'java/lang/NoSuchMethodError'{0x00000000ec3c1c88}: 'void java.lang.invoke.DirectMethodHandle$Holder.invokeStaticInit(java.lang.Object, java.lang.Object)'> (0x00000000ec3c1c88) 
thrown [s\src\hotspot\share\interpreter\linkResolver.cpp, line 759]
Event: 5.374 Thread 0x00000263efea0410 Exception <a 'java/lang/NoSuchMethodError'{0x00000000ec3c9098}: 'int java.lang.invoke.DirectMethodHandle$Holder.invokeStaticInit(java.lang.Object, java.lang.Object)'> (0x00000000ec3c9098) 
thrown [s\src\hotspot\share\interpreter\linkResolver.cpp, line 759]
Event: 5.627 Thread 0x00000263efea0410 Exception <a 'java/lang/NoSuchMethodError'{0x00000000eabf3560}: 'void java.lang.invoke.DirectMethodHandle$Holder.invokeSpecial(java.lang.Object, java.lang.Object, java.lang.Object)'> (0x00000000eabf3560) 
thrown [s\src\hotspot\share\interpreter\linkResolver.cpp, line 759]
Event: 6.332 Thread 0x00000263efea0410 Exception <a 'java/lang/NoSuchMethodError'{0x00000000eb8cacf8}: 'java.lang.Object java.lang.invoke.DirectMethodHandle$Holder.newInvokeSpecial(java.lang.Object, int, java.lang.Object)'> (0x00000000eb8cacf8) 
thrown [s\src\hotspot\share\interpreter\linkResolver.cpp, line 759]

VM Operations (20 events):
Event: 2.957 Executing VM operation: HandshakeAllThreads
Event: 2.957 Executing VM operation: HandshakeAllThreads done
Event: 2.980 Executing VM operation: HandshakeAllThreads
Event: 2.980 Executing VM operation: HandshakeAllThreads done
Event: 3.981 Executing VM operation: Cleanup
Event: 3.981 Executing VM operation: Cleanup done
Event: 4.986 Executing VM operation: Cleanup
Event: 4.986 Executing VM operation: Cleanup done
Event: 5.405 Executing VM operation: ParallelGCFailedAllocation
Event: 5.438 Executing VM operation: ParallelGCFailedAllocation done
Event: 6.240 Executing VM operation: HandshakeAllThreads
Event: 6.240 Executing VM operation: HandshakeAllThreads done
Event: 6.240 Executing VM operation: HandshakeAllThreads
Event: 6.240 Executing VM operation: HandshakeAllThreads done
Event: 6.260 Executing VM operation: HandshakeAllThreads
Event: 6.261 Executing VM operation: HandshakeAllThreads done
Event: 6.286 Executing VM operation: HandshakeAllThreads
Event: 6.286 Executing VM operation: HandshakeAllThreads done
Event: 7.299 Executing VM operation: Cleanup
Event: 7.300 Executing VM operation: Cleanup done

Events (20 events):
Event: 6.400 loading class java/net/ContentHandlerFactory
Event: 6.401 loading class java/net/ContentHandlerFactory done
Event: 6.409 loading class java/net/ContentHandler
Event: 6.409 loading class java/net/ContentHandler done
Event: 6.433 loading class javax/xml/parsers/ParserConfigurationException
Event: 6.434 loading class javax/xml/parsers/ParserConfigurationException done
Event: 6.440 loading class java/security/KeyStoreException
Event: 6.440 loading class java/security/KeyStoreException done
Event: 6.507 loading class java/util/LinkedList$Node
Event: 6.507 loading class java/util/LinkedList$Node done
Event: 6.507 loading class java/util/LinkedList$ListItr
Event: 6.507 loading class java/util/LinkedList$ListItr done
Event: 6.534 loading class sun/nio/fs/WindowsChannelFactory
Event: 6.537 loading class sun/nio/fs/WindowsChannelFactory done
Event: 6.537 loading class sun/nio/fs/WindowsChannelFactory$1
Event: 6.537 loading class sun/nio/fs/WindowsChannelFactory$1 done
Event: 6.537 loading class sun/nio/fs/WindowsChannelFactory$Flags
Event: 6.537 loading class sun/nio/fs/WindowsChannelFactory$Flags done
Event: 6.537 loading class sun/nio/ch/FileChannelImpl$Closer
Event: 6.539 loading class sun/nio/ch/FileChannelImpl$Closer done


Dynamic libraries:
0x00007ff6288b0000 - 0x00007ff6288be000 	c:\Users\felip\.vscode\extensions\redhat.java-1.30.0-win32-x64\jre\17.0.10-win32-x86_64\bin\java.exe
0x00007fff3c090000 - 0x00007fff3c2a7000 	C:\WINDOWS\SYSTEM32\ntdll.dll
0x00007fff3b3e0000 - 0x00007fff3b4a4000 	C:\WINDOWS\System32\KERNEL32.DLL
0x00007fff399e0000 - 0x00007fff39d87000 	C:\WINDOWS\System32\KERNELBASE.dll
0x00007fff39520000 - 0x00007fff39631000 	C:\WINDOWS\System32\ucrtbase.dll
0x00007fff317f0000 - 0x00007fff31807000 	c:\Users\felip\.vscode\extensions\redhat.java-1.30.0-win32-x64\jre\17.0.10-win32-x86_64\bin\jli.dll
0x00007fff39f90000 - 0x00007fff3a13e000 	C:\WINDOWS\System32\USER32.dll
0x00007fff39640000 - 0x00007fff39666000 	C:\WINDOWS\System32\win32u.dll
0x00007fff3be20000 - 0x00007fff3be49000 	C:\WINDOWS\System32\GDI32.dll
0x00007fff398c0000 - 0x00007fff399d9000 	C:\WINDOWS\System32\gdi32full.dll
0x00007fff396f0000 - 0x00007fff3978a000 	C:\WINDOWS\System32\msvcp_win.dll
0x00007fff2e900000 - 0x00007fff2e91b000 	c:\Users\felip\.vscode\extensions\redhat.java-1.30.0-win32-x64\jre\17.0.10-win32-x86_64\bin\VCRUNTIME140.dll
0x00007fff13820000 - 0x00007fff13ab3000 	C:\WINDOWS\WinSxS\amd64_microsoft.windows.common-controls_6595b64144ccf1df_6.0.22621.3527_none_270e469b73872a76\COMCTL32.dll
0x00007fff39dc0000 - 0x00007fff39e67000 	C:\WINDOWS\System32\msvcrt.dll
0x00007fff3a640000 - 0x00007fff3a671000 	C:\WINDOWS\System32\IMM32.DLL
0x00007fff37110000 - 0x00007fff3711c000 	c:\Users\felip\.vscode\extensions\redhat.java-1.30.0-win32-x64\jre\17.0.10-win32-x86_64\bin\vcruntime140_1.dll
0x00007fff2e870000 - 0x00007fff2e8fd000 	c:\Users\felip\.vscode\extensions\redhat.java-1.30.0-win32-x64\jre\17.0.10-win32-x86_64\bin\msvcp140.dll
0x00007ffe9eb60000 - 0x00007ffe9f7c2000 	c:\Users\felip\.vscode\extensions\redhat.java-1.30.0-win32-x64\jre\17.0.10-win32-x86_64\bin\server\jvm.dll
0x00007fff3be50000 - 0x00007fff3bf02000 	C:\WINDOWS\System32\ADVAPI32.dll
0x00007fff3bf10000 - 0x00007fff3bfb8000 	C:\WINDOWS\System32\sechost.dll
0x00007fff39d90000 - 0x00007fff39db8000 	C:\WINDOWS\System32\bcrypt.dll
0x00007fff39e70000 - 0x00007fff39f85000 	C:\WINDOWS\System32\RPCRT4.dll
0x00007fff39270000 - 0x00007fff392bd000 	C:\WINDOWS\SYSTEM32\POWRPROF.dll
0x00007fff18f90000 - 0x00007fff18f99000 	C:\WINDOWS\SYSTEM32\WSOCK32.dll
0x00007fff36f20000 - 0x00007fff36f54000 	C:\WINDOWS\SYSTEM32\WINMM.dll
0x00007fff32ad0000 - 0x00007fff32ada000 	C:\WINDOWS\SYSTEM32\VERSION.dll
0x00007fff3aa80000 - 0x00007fff3aaf1000 	C:\WINDOWS\System32\ws2_32.DLL
0x00007fff39250000 - 0x00007fff39263000 	C:\WINDOWS\SYSTEM32\UMPDC.dll
0x00007fff38390000 - 0x00007fff383a8000 	C:\WINDOWS\SYSTEM32\kernel.appcore.dll
0x00007fff31890000 - 0x00007fff3189a000 	c:\Users\felip\.vscode\extensions\redhat.java-1.30.0-win32-x64\jre\17.0.10-win32-x86_64\bin\jimage.dll
0x00007fff36c60000 - 0x00007fff36e93000 	C:\WINDOWS\SYSTEM32\DBGHELP.DLL
0x00007fff3ab00000 - 0x00007fff3ae88000 	C:\WINDOWS\System32\combase.dll
0x00007fff3a8f0000 - 0x00007fff3a9c7000 	C:\WINDOWS\System32\OLEAUT32.dll
0x00007fff36ee0000 - 0x00007fff36f12000 	C:\WINDOWS\SYSTEM32\dbgcore.DLL
0x00007fff39670000 - 0x00007fff396e9000 	C:\WINDOWS\System32\bcryptPrimitives.dll
0x00007fff31860000 - 0x00007fff3186e000 	c:\Users\felip\.vscode\extensions\redhat.java-1.30.0-win32-x64\jre\17.0.10-win32-x86_64\bin\instrument.dll
0x00007fff2e920000 - 0x00007fff2e945000 	c:\Users\felip\.vscode\extensions\redhat.java-1.30.0-win32-x64\jre\17.0.10-win32-x86_64\bin\java.dll
0x00007fff2e850000 - 0x00007fff2e868000 	c:\Users\felip\.vscode\extensions\redhat.java-1.30.0-win32-x64\jre\17.0.10-win32-x86_64\bin\zip.dll
0x00007fff3b5c0000 - 0x00007fff3be1c000 	C:\WINDOWS\System32\SHELL32.dll
0x00007fff372a0000 - 0x00007fff37b96000 	C:\WINDOWS\SYSTEM32\windows.storage.dll
0x00007fff37160000 - 0x00007fff3729e000 	C:\WINDOWS\SYSTEM32\wintypes.dll
0x00007fff3b4b0000 - 0x00007fff3b5a5000 	C:\WINDOWS\System32\SHCORE.dll
0x00007fff3a420000 - 0x00007fff3a47e000 	C:\WINDOWS\System32\shlwapi.dll
0x00007fff392e0000 - 0x00007fff39301000 	C:\WINDOWS\SYSTEM32\profapi.dll
0x00007fff2e830000 - 0x00007fff2e849000 	C:\Users\felip\.vscode\extensions\redhat.java-1.30.0-win32-x64\jre\17.0.10-win32-x86_64\bin\net.dll
0x00007fff33dc0000 - 0x00007fff33ef6000 	C:\WINDOWS\SYSTEM32\WINHTTP.dll
0x00007fff387f0000 - 0x00007fff38859000 	C:\WINDOWS\system32\mswsock.dll
0x00007fff2e810000 - 0x00007fff2e826000 	C:\Users\felip\.vscode\extensions\redhat.java-1.30.0-win32-x64\jre\17.0.10-win32-x86_64\bin\nio.dll
0x00007fff317b0000 - 0x00007fff317c0000 	c:\Users\felip\.vscode\extensions\redhat.java-1.30.0-win32-x64\jre\17.0.10-win32-x86_64\bin\verify.dll

dbghelp: loaded successfully - version: 4.0.5 - missing functions: none
symbol engine: initialized successfully - sym options: 0x614 - pdb path: .;c:\Users\felip\.vscode\extensions\redhat.java-1.30.0-win32-x64\jre\17.0.10-win32-x86_64\bin;C:\WINDOWS\SYSTEM32;C:\WINDOWS\WinSxS\amd64_microsoft.windows.common-controls_6595b64144ccf1df_6.0.22621.3527_none_270e469b73872a76;c:\Users\felip\.vscode\extensions\redhat.java-1.30.0-win32-x64\jre\17.0.10-win32-x86_64\bin\server

VM Arguments:
jvm_args: --add-modules=ALL-SYSTEM --add-opens=java.base/java.util=ALL-UNNAMED --add-opens=java.base/java.lang=ALL-UNNAMED --add-opens=java.base/sun.nio.fs=ALL-UNNAMED -Declipse.application=org.eclipse.jdt.ls.core.id1 -Dosgi.bundles.defaultStartLevel=4 -Declipse.product=org.eclipse.jdt.ls.core.product -Djava.import.generatesMetadataFilesAtProjectRoot=false -DDetectVMInstallationsJob.disabled=true -Dfile.encoding=utf8 -XX:+UseParallelGC -XX:GCTimeRatio=4 -XX:AdaptiveSizePolicyWeight=90 -Dsun.zip.disableMemoryMapping=true -Xmx1G -Xms100m -Xlog:disable -javaagent:c:\Users\felip\.vscode\extensions\redhat.java-1.30.0-win32-x64\lombok\lombok-1.18.32.jar 
java_command: c:\Users\felip\.vscode\extensions\redhat.java-1.30.0-win32-x64\server\plugins\org.eclipse.equinox.launcher_1.6.800.v20240330-1250.jar -configuration c:\Users\felip\AppData\Roaming\Code\User\globalStorage\redhat.java\1.30.0\config_ss_win -data c:\Users\felip\AppData\Roaming\Code\User\workspaceStorage\acb6e74bd49702654faf76d2df346466\redhat.java\ss_ws --pipe=\\.\pipe\lsp-f6d5911aa60800caa61c1eb697805a9b-sock
java_class_path (initial): c:\Users\felip\.vscode\extensions\redhat.java-1.30.0-win32-x64\server\plugins\org.eclipse.equinox.launcher_1.6.800.v20240330-1250.jar
Launcher Type: SUN_STANDARD

[Global flags]
    uintx AdaptiveSizePolicyWeight                 = 90                                        {product} {command line}
     intx CICompilerCount                          = 4                                         {product} {ergonomic}
    uintx GCTimeRatio                              = 4                                         {product} {command line}
   size_t InitialHeapSize                          = 104857600                                 {product} {command line}
   size_t MaxHeapSize                              = 1073741824                                {product} {command line}
   size_t MaxNewSize                               = 357564416                                 {product} {ergonomic}
   size_t MinHeapDeltaBytes                        = 524288                                    {product} {ergonomic}
   size_t MinHeapSize                              = 104857600                                 {product} {command line}
   size_t NewSize                                  = 34603008                                  {product} {ergonomic}
    uintx NonNMethodCodeHeapSize                   = 5839372                                {pd product} {ergonomic}
    uintx NonProfiledCodeHeapSize                  = 122909434                              {pd product} {ergonomic}
   size_t OldSize                                  = 70254592                                  {product} {ergonomic}
    uintx ProfiledCodeHeapSize                     = 122909434                              {pd product} {ergonomic}
    uintx ReservedCodeCacheSize                    = 251658240                              {pd product} {ergonomic}
     bool SegmentedCodeCache                       = true                                      {product} {ergonomic}
   size_t SoftMaxHeapSize                          = 1073741824                             {manageable} {ergonomic}
     bool UseCompressedClassPointers               = true                           {product lp64_product} {ergonomic}
     bool UseCompressedOops                        = true                           {product lp64_product} {ergonomic}
     bool UseLargePagesIndividualAllocation        = false                                  {pd product} {ergonomic}
     bool UseParallelGC                            = true                                      {product} {command line}

Logging:
Log output configuration:
 #0: stdout all=off uptime,level,tags
 #1: stderr all=off uptime,level,tags

Environment Variables:
JAVA_HOME=C:\Program Files\Java\jdk-17\bin
PATH=C:\Program Files\Common Files\Oracle\Java\javapath;C:\app\felip\product\21c\dbhomeXE\bin;C:\Program Files (x86)\Common Files\Oracle\Java\javapath;C:\WINDOWS\system32;C:\WINDOWS;C:\WINDOWS\System32\Wbem;C:\WINDOWS\System32\WindowsPowerShell\v1.0\;C:\WINDOWS\System32\OpenSSH\;C:\Program Files\dotnet\;C:\Program Files\Git\cmd;C:\instantclient-basic-windows.x64-21.12.0.0.0dbru\instantclient_21_12;C:\Program Files\Microsoft SQL Server\150\Tools\Binn\;C:\Program Files\Microsoft SQL Server\Client SDK\ODBC\170\Tools\Binn\;C:\Program Files\nodejs\;C:\Program Files\Docker\Docker\resources\bin;C:\Program Files\Java\bin;C:\Users\felip\AppData\Local\Programs\Python\Python311\Scripts\;C:\Users\felip\AppData\Local\Programs\Python\Python311\;C:\Users\felip\AppData\Local\Microsoft\WindowsApps;C:\Users\felip\AppData\Local\Programs\Microsoft VS Code\bin;C:\Program Files\JetBrains\PyCharm Community Edition 2023.1\bin;;C:\Users\felip\kotlin-compiler-1.9.22\kotlinc\bin;C:\Users\felip\.dotnet\tools;C:\Users\felip\AppData\Roaming\npm;
USERNAME=felip
OS=Windows_NT
PROCESSOR_IDENTIFIER=Intel64 Family 6 Model 140 Stepping 1, GenuineIntel
TMP=C:\Users\felip\AppData\Local\Temp
TEMP=C:\Users\felip\AppData\Local\Temp



Periodic native trim disabled


---------------  S Y S T E M  ---------------

OS:
 Windows 11 , 64 bit Build 22621 (10.0.22621.3527)
OS uptime: 5 days 18:51 hours
Hyper-V role detected

CPU: total 8 (initial active 8) (4 cores per cpu, 2 threads per core) family 6 model 140 stepping 1 microcode 0xb4, cx8, cmov, fxsr, ht, mmx, 3dnowpref, sse, sse2, sse3, ssse3, sse4.1, sse4.2, popcnt, lzcnt, tsc, tscinvbit, avx, avx2, aes, erms, clmul, bmi1, bmi2, adx, avx512f, avx512dq, avx512cd, avx512bw, avx512vl, sha, fma, vzeroupper, avx512_vpopcntdq, avx512_vpclmulqdq, avx512_vaes, avx512_vnni, clflush, clflushopt, clwb, avx512_vbmi2, avx512_vbmi, hv
Processor Information for all 8 processors :
  Max Mhz: 2419, Current Mhz: 2419, Mhz Limit: 2419

Memory: 4k page, system-wide physical 7926M (286M free)
TotalPageFile size 32502M (AvailPageFile size 0M)
current process WorkingSet (physical memory assigned to process): 77M, peak: 79M
current process commit charge ("private bytes"): 199M, peak: 201M

vm_info: OpenJDK 64-Bit Server VM (17.0.10+7) for windows-amd64 JRE (17.0.10+7), built on Jan 16 2024 23:25:11 by "admin" with MS VC++ 16.10 / 16.11 (VS2019)

END.
